<?xml version="1.0" encoding="UTF-8"?>
<!-- Generated by org.testng.reporters.JUnitReportReporter -->
<testsuite hostname="LAPTOP-A537G3OR" failures="0" tests="1" name="com.TestngPractice.DragAndDropDemo" time="2.450" errors="0" timestamp="2022-06-10T00:36:36 IST" skipped="0">
  <testcase classname="com.TestngPractice.DragAndDropDemo" name="test" time="2.450"/>
  <system-out/>
</testsuite> <!-- com.TestngPractice.DragAndDropDemo -->
