<?xml version="1.0" encoding="UTF-8"?>
<!-- Generated by org.testng.reporters.JUnitReportReporter -->
<testsuite hostname="LAPTOP-A537G3OR" failures="0" tests="4" name="com.TestngPractice.NewTest" time="15.383" errors="0" timestamp="2022-07-20T20:46:11 IST" skipped="0">
  <testcase classname="com.TestngPractice.NewTest" name="test7" time="0.002"/>
  <system-out/>
  <testcase classname="com.TestngPractice.NewTest" name="test7" time="0.000"/>
  <system-out/>
  <testcase classname="com.TestngPractice.NewTest" name="test1" time="15.381"/>
  <system-out/>
  <testcase classname="com.TestngPractice.NewTest" name="test7" time="0.000"/>
  <system-out/>
</testsuite> <!-- com.TestngPractice.NewTest -->
