<?xml version="1.0" encoding="UTF-8"?>
<!-- Generated by org.testng.reporters.JUnitReportReporter -->
<testsuite hostname="LAPTOP-A537G3OR" failures="0" tests="1" name="com.TestngPractice.IframesDemo" time="7.632" errors="0" timestamp="2022-06-03T02:11:40 IST" skipped="0">
  <testcase classname="com.TestngPractice.IframesDemo" name="f" time="7.632"/>
  <system-out/>
</testsuite> <!-- com.TestngPractice.IframesDemo -->
