<?xml version="1.0" encoding="UTF-8"?>
<!-- Generated by org.testng.reporters.JUnitReportReporter -->
<testsuite hostname="LAPTOP-A537G3OR" failures="0" tests="1" name="com.TestngPractice.NewTest" time="25.515" errors="0" timestamp="2022-06-18T03:08:24 IST" skipped="0">
  <testcase classname="com.TestngPractice.NewTest" name="test6" time="25.515"/>
  <system-out/>
</testsuite> <!-- com.TestngPractice.NewTest -->
